Could not read previous export (for caching), doing full export.
title_bar: Exporting image
Button_-_Comment_1: Exporting image
Button_-_Comment_4: Exporting image
status_bar: Exporting image
Status_Bar___White: Exporting image
Battery_Icon: Exporting image
Signal: Exporting image
Nav_Bar: Exporting image
For_Students: Exporting image
content: Exporting image
Comment_Pop_up_1: Exporting image
Comment_Pop_up_2: Exporting image
Comment_Pop_up_3: Exporting image
Comment_Pop_up_4: Exporting image
Button_Comment_1: Exporting image
Button_Comment_2: Exporting image
Button_Comment_3: Exporting image
Button_Comment_4: Exporting image
20 views changed
Success: /var/folders/_5/z9568_7d3w38tbtb97q4gf_80000gn/T/B9A5FDA4-0584-43D5-A633-E33A3426B966-16562-00001E733B60BD4D/C4E1E731-2F27-4DD1-A995-66DB42029121/Untitled 2.framer/imported/BeEdu.framer_v01@1x
